~ tier2-p-login-3> ./bv_check 
./bv_check: /lib64/libstdc++.so.6: version `GLIBCXX_3.4.26' not found (required by ./bv_check)
./bv_check: /lib64/libstdc++.so.6: version `GLIBCXX_3.4.30' not found (required by ./bv_check)
./bv_check: /lib64/libm.so.6: version `GLIBC_2.29' not found (required by ./bv_check)
./bv_check: /lib64/libm.so.6: version `GLIBC_2.43' not found (required by ./bv_check)
./bv_check: /lib64/libc.so.6: version `GLIBC_2.32' not found (required by ./bv_check)
./bv_check: /lib64/libc.so.6: version `GLIBC_2.33' not found (required by ./bv_check)
./bv_check: /lib64/libc.so.6: version `GLIBC_2.34' not found (required by ./bv_check)
./bv_check: /lib64/libc.so.6: version `GLIBC_2.35' not found (required by ./bv_check)
./bv_check: /lib64/libc.so.6: version `GLIBC_2.38' not found (required by ./bv_check)

~ 1 tier2-p-login-3> ldd bv_check 
./bv_check: /lib64/libstdc++.so.6: version `GLIBCXX_3.4.26' not found (required by ./bv_check)
./bv_check: /lib64/libstdc++.so.6: version `GLIBCXX_3.4.30' not found (required by ./bv_check)
./bv_check: /lib64/libm.so.6: version `GLIBC_2.29' not found (required by ./bv_check)
./bv_check: /lib64/libm.so.6: version `GLIBC_2.43' not found (required by ./bv_check)
./bv_check: /lib64/libc.so.6: version `GLIBC_2.32' not found (required by ./bv_check)
./bv_check: /lib64/libc.so.6: version `GLIBC_2.33' not found (required by ./bv_check)
./bv_check: /lib64/libc.so.6: version `GLIBC_2.34' not found (required by ./bv_check)
./bv_check: /lib64/libc.so.6: version `GLIBC_2.35' not found (required by ./bv_check)
./bv_check: /lib64/libc.so.6: version `GLIBC_2.38' not found (required by ./bv_check)
        linux-vdso.so.1 (0x00007ffc1b5a9000)
        libstdc++.so.6 => /lib64/libstdc++.so.6 (0x00007f8ff46df000)
        libgmp.so.10 => /lib64/libgmp.so.10 (0x00007f8ff4447000)
        libuv.so.1 => /lib64/libuv.so.1 (0x00007f8ff4214000)
        libm.so.6 => /lib64/libm.so.6 (0x00007f8ff3e92000)
        libc.so.6 => /lib64/libc.so.6 (0x00007f8ff3abc000)
        /lib64/ld-linux-x86-64.so.2 (0x00007f8ff528a000)
        libgcc_s.so.1 => /lib64/libgcc_s.so.1 (0x00007f8ff38a4000)
        libdl.so.2 => /lib64/libdl.so.2 (0x00007f8ff36a0000)
        libpthread.so.0 => /lib64/libpthread.so.0 (0x00007f8ff3480000)
